<?xml version="1.0" encoding="UTF-8"?>
<testng-results skipped="0" failed="1" ignored="0" total="4" passed="3">
  <reporter-output>
  </reporter-output>
  <suite name="Suite" duration-ms="165297" started-at="2020-08-25T00:31:10 IST" finished-at="2020-08-25T00:33:55 IST">
    <groups>
    </groups>
    <test name="Validation Navigation Bar" duration-ms="133627" started-at="2020-08-25T00:31:10 IST" finished-at="2020-08-25T00:33:23 IST">
      <class name="Academy.ValidationNavBar">
        <test-method status="PASS" signature="initialize()[pri:0, instance:Academy.ValidationNavBar@4686afc2]" name="initialize" is-config="true" duration-ms="107223" started-at="2020-08-25T00:31:10 IST" finished-at="2020-08-25T00:32:57 IST">
          <reporter-output>
          </reporter-output>
        </test-method> <!-- initialize -->
        <test-method status="PASS" signature="TestNavigationBar()[pri:0, instance:Academy.ValidationNavBar@4686afc2]" name="TestNavigationBar" duration-ms="7505" started-at="2020-08-25T00:32:57 IST" finished-at="2020-08-25T00:33:05 IST">
          <reporter-output>
          </reporter-output>
        </test-method> <!-- TestNavigationBar -->
        <test-method status="PASS" signature="teardown()[pri:0, instance:Academy.ValidationNavBar@4686afc2]" name="teardown" is-config="true" duration-ms="18263" started-at="2020-08-25T00:33:05 IST" finished-at="2020-08-25T00:33:23 IST">
          <reporter-output>
          </reporter-output>
        </test-method> <!-- teardown -->
      </class> <!-- Academy.ValidationNavBar -->
    </test> <!-- Validation Navigation Bar -->
    <test name="Validate Title in the Page" duration-ms="147249" started-at="2020-08-25T00:31:10 IST" finished-at="2020-08-25T00:33:37 IST">
      <class name="Academy.ValidationTitle">
        <test-method status="PASS" signature="initialize()[pri:0, instance:Academy.ValidationTitle@7526515b]" name="initialize" is-config="true" duration-ms="106909" started-at="2020-08-25T00:31:10 IST" finished-at="2020-08-25T00:32:57 IST">
          <reporter-output>
          </reporter-output>
        </test-method> <!-- initialize -->
        <test-method status="FAIL" signature="validateAppTitle()[pri:0, instance:Academy.ValidationTitle@7526515b]" name="validateAppTitle" duration-ms="7820" started-at="2020-08-25T00:32:57 IST" finished-at="2020-08-25T00:33:05 IST">
          <exception class="java.lang.AssertionError">
            <message>
              <![CDATA[expected [FEATURED COURSES123] but found [FEATURED COURSES]]]>
            </message>
            <full-stacktrace>
              <![CDATA[java.lang.AssertionError: expected [FEATURED COURSES123] but found [FEATURED COURSES]
at org.testng.Assert.fail(Assert.java:97)
at org.testng.Assert.assertEqualsImpl(Assert.java:136)
at org.testng.Assert.assertEquals(Assert.java:118)
at org.testng.Assert.assertEquals(Assert.java:575)
at org.testng.Assert.assertEquals(Assert.java:585)
at Academy.ValidationTitle.validateAppTitle(ValidationTitle.java:43)
at sun.reflect.NativeMethodAccessorImpl.invoke0(Native Method)
at sun.reflect.NativeMethodAccessorImpl.invoke(NativeMethodAccessorImpl.java:62)
at sun.reflect.DelegatingMethodAccessorImpl.invoke(DelegatingMethodAccessorImpl.java:43)
at java.lang.reflect.Method.invoke(Method.java:498)
at org.testng.internal.MethodInvocationHelper.invokeMethod(MethodInvocationHelper.java:135)
at org.testng.internal.TestInvoker.invokeMethod(TestInvoker.java:598)
at org.testng.internal.TestInvoker.invokeTestMethod(TestInvoker.java:174)
at org.testng.internal.MethodRunner.runInSequence(MethodRunner.java:46)
at org.testng.internal.TestInvoker$MethodInvocationAgent.invoke(TestInvoker.java:821)
at org.testng.internal.TestInvoker.invokeTestMethods(TestInvoker.java:147)
at org.testng.internal.TestMethodWorker.invokeTestMethods(TestMethodWorker.java:146)
at org.testng.internal.TestMethodWorker.run(TestMethodWorker.java:128)
at java.util.ArrayList.forEach(ArrayList.java:1257)
at org.testng.TestRunner.privateRun(TestRunner.java:767)
at org.testng.TestRunner.run(TestRunner.java:588)
at org.testng.SuiteRunner.runTest(SuiteRunner.java:384)
at org.testng.SuiteRunner.access$000(SuiteRunner.java:28)
at org.testng.SuiteRunner$SuiteWorker.run(SuiteRunner.java:425)
at org.testng.internal.thread.ThreadUtil.lambda$execute$0(ThreadUtil.java:68)
at java.util.concurrent.FutureTask.run(FutureTask.java:266)
at java.util.concurrent.ThreadPoolExecutor.runWorker(ThreadPoolExecutor.java:1149)
at java.util.concurrent.ThreadPoolExecutor$Worker.run(ThreadPoolExecutor.java:624)
at java.lang.Thread.run(Thread.java:748)
]]>
            </full-stacktrace>
          </exception> <!-- java.lang.AssertionError -->
          <reporter-output>
          </reporter-output>
        </test-method> <!-- validateAppTitle -->
        <test-method status="PASS" signature="teardown()[pri:0, instance:Academy.ValidationTitle@7526515b]" name="teardown" is-config="true" duration-ms="1920" started-at="2020-08-25T00:33:35 IST" finished-at="2020-08-25T00:33:37 IST">
          <reporter-output>
          </reporter-output>
        </test-method> <!-- teardown -->
      </class> <!-- Academy.ValidationTitle -->
    </test> <!-- Validate Title in the Page -->
    <test name="Validation User Page" duration-ms="165297" started-at="2020-08-25T00:31:10 IST" finished-at="2020-08-25T00:33:55 IST">
      <class name="Academy.HomePage">
        <test-method status="PASS" signature="initialize()[pri:0, instance:Academy.HomePage@7d0b7e3c]" name="initialize" is-config="true" duration-ms="51635" started-at="2020-08-25T00:31:10 IST" finished-at="2020-08-25T00:32:01 IST">
          <reporter-output>
          </reporter-output>
        </test-method> <!-- initialize -->
        <test-method status="PASS" signature="TestHomePage(java.lang.String, java.lang.String, java.lang.String)[pri:0, instance:Academy.HomePage@7d0b7e3c]" name="TestHomePage" duration-ms="98909" started-at="2020-08-25T00:32:02 IST" data-provider="getData" finished-at="2020-08-25T00:33:41 IST">
          <params>
            <param index="0">
              <value>
                <![CDATA[sunny.sinha@gmail.com]]>
              </value>
            </param>
            <param index="1">
              <value>
                <![CDATA[Destiny]]>
              </value>
            </param>
            <param index="2">
              <value>
                <![CDATA[1st User]]>
              </value>
            </param>
          </params>
          <reporter-output>
          </reporter-output>
        </test-method> <!-- TestHomePage -->
        <test-method status="PASS" signature="TestHomePage(java.lang.String, java.lang.String, java.lang.String)[pri:0, instance:Academy.HomePage@7d0b7e3c]" name="TestHomePage" duration-ms="13415" started-at="2020-08-25T00:33:41 IST" data-provider="getData" finished-at="2020-08-25T00:33:54 IST">
          <params>
            <param index="0">
              <value>
                <![CDATA[sinha.sunny@gmail.com]]>
              </value>
            </param>
            <param index="1">
              <value>
                <![CDATA[Kismat]]>
              </value>
            </param>
            <param index="2">
              <value>
                <![CDATA[2nd User]]>
              </value>
            </param>
          </params>
          <reporter-output>
          </reporter-output>
        </test-method> <!-- TestHomePage -->
        <test-method status="PASS" signature="teardown()[pri:0, instance:Academy.HomePage@7d0b7e3c]" name="teardown" is-config="true" duration-ms="1050" started-at="2020-08-25T00:33:54 IST" finished-at="2020-08-25T00:33:55 IST">
          <reporter-output>
          </reporter-output>
        </test-method> <!-- teardown -->
      </class> <!-- Academy.HomePage -->
    </test> <!-- Validation User Page -->
  </suite> <!-- Suite -->
</testng-results>
